<?xml version="1.0" encoding="UTF-8"?>
<!-- Generated by org.testng.reporters.JUnitXMLReporter -->
<testsuite ignored="0" hostname="Aakash-PC" failures="1" tests="1" name="BankingApp Test" time="25.871" errors="0" timestamp="27 Mar 2022 18:46:27 GMT">
  <testcase classname="com.HC.testCases.TC_IncidentDashboard" name="TC_Incident_Dashboard_test" time="12.281">
    <failure type="java.lang.NullPointerException" message="Cannot invoke &amp;quot;Object.getClass()&amp;quot; because &amp;quot;obj&amp;quot; is null">
      <![CDATA[java.lang.NullPointerException: Cannot invoke "Object.getClass()" because "obj" is null
at org.openqa.selenium.support.pagefactory.internal.LocatingElementHandler.invoke(LocatingElementHandler.java:51)
at com.sun.proxy.$Proxy15.sendKeys(Unknown Source)
at com.HC.pageObjects.LoginPage.enterIRcode(LoginPage.java:200)
at com.HC.testCases.TC_IncidentDashboard.TC_Incident_Dashboard_test(TC_IncidentDashboard.java:45)
... Removed 26 stack frames]]>
    </failure>
  </testcase> <!-- TC_Incident_Dashboard_test -->
</testsuite> <!-- BankingApp Test -->
