<?xml version="1.0" encoding="UTF-8"?>
<!-- Generated by org.testng.reporters.JUnitXMLReporter -->
<testsuite hostname="Sandeep" ignored="10" name="HealthCare Test" tests="6" failures="0" timestamp="15 Sep 2022 11:10:48 GMT" time="638.486" errors="0">
  <testcase name="TC_IRinvestigationRequestInput" time="130.789" classname="com.HC.testCases.TC_IRinvestigationRequestInput"/>
  <testcase name="TC_IRinvestigationRecordInputs" time="98.57" classname="com.HC.testCases.TC_IRinvestigationRecordInputs"/>
  <testcase name="TC_IRinvestigationIRDetails" time="98.992" classname="com.HC.testCases.TC_IRinvestigationIRDetails"/>
  <testcase name="TC_IRinvestigationIRDetailsEditDelete" time="102.922" classname="com.HC.testCases.TC_IRinvestigationIRDetailsEditDelete"/>
  <testcase name="TC_IRinvestigationConfirmationMessage" time="60.75" classname="com.HC.testCases.TC_IRinvestigationConfirmationMessage"/>
  <testcase name="TC_BeyondAcceptableTAT" time="37.383" classname="com.HC.testCases.TC_BeyondAcceptableTAT"/>
  <testcase name="@AfterTest tearDownTest" time="0.0" classname="com.HC.utilities.BaseClass">
    <ignored/>
  </testcase> <!-- @AfterTest tearDownTest -->
  <testcase name="@AfterTest tearDownTest" time="0.0" classname="com.HC.utilities.BaseClass">
    <ignored/>
  </testcase> <!-- @AfterTest tearDownTest -->
  <testcase name="@AfterTest tearDownTest" time="0.0" classname="com.HC.utilities.BaseClass">
    <ignored/>
  </testcase> <!-- @AfterTest tearDownTest -->
  <testcase name="@AfterTest tearDownTest" time="0.0" classname="com.HC.utilities.BaseClass">
    <ignored/>
  </testcase> <!-- @AfterTest tearDownTest -->
  <testcase name="@AfterTest tearDownTest" time="0.0" classname="com.HC.utilities.BaseClass">
    <ignored/>
  </testcase> <!-- @AfterTest tearDownTest -->
  <testcase name="@BeforeTest setUpSuite" time="0.0" classname="com.HC.utilities.BaseClass">
    <ignored/>
  </testcase> <!-- @BeforeTest setUpSuite -->
  <testcase name="@BeforeTest setUpSuite" time="0.0" classname="com.HC.utilities.BaseClass">
    <ignored/>
  </testcase> <!-- @BeforeTest setUpSuite -->
  <testcase name="@BeforeTest setUpSuite" time="0.0" classname="com.HC.utilities.BaseClass">
    <ignored/>
  </testcase> <!-- @BeforeTest setUpSuite -->
  <testcase name="@BeforeTest setUpSuite" time="0.0" classname="com.HC.utilities.BaseClass">
    <ignored/>
  </testcase> <!-- @BeforeTest setUpSuite -->
  <testcase name="@BeforeTest setUpSuite" time="0.0" classname="com.HC.utilities.BaseClass">
    <ignored/>
  </testcase> <!-- @BeforeTest setUpSuite -->
</testsuite> <!-- HealthCare Test -->
