<?xml version="1.0" encoding="UTF-8"?>
<testng-results skipped="0" failed="0" ignored="2" total="4" passed="2">
  <reporter-output>
  </reporter-output>
  <suite name="NapierHealthCareProject" duration-ms="121855" started-at="2022-06-24T08:07:02Z" finished-at="2022-06-24T08:09:04Z">
    <groups>
    </groups>
    <test name="HealthCare Test" duration-ms="121855" started-at="2022-06-24T08:07:02Z" finished-at="2022-06-24T08:09:04Z">
      <class name="com.HC.testCases.TC_IR_TAT">
        <test-method status="PASS" signature="setUpSuite()[pri:0, instance:com.HC.testCases.TC_IR_TAT@13deb50e]" name="setUpSuite" is-config="true" duration-ms="266" started-at="2022-06-24T08:07:02Z" finished-at="2022-06-24T08:07:03Z">
          <reporter-output>
          </reporter-output>
        </test-method> <!-- setUpSuite -->
        <test-method status="PASS" signature="setup(java.lang.String)[pri:0, instance:com.HC.testCases.TC_IR_TAT@13deb50e]" name="setup" is-config="true" duration-ms="7402" started-at="2022-06-24T08:07:03Z" finished-at="2022-06-24T08:07:10Z">
          <params>
            <param index="0">
              <value>
                <![CDATA[chrome]]>
              </value>
            </param>
          </params>
          <reporter-output>
          </reporter-output>
        </test-method> <!-- setup -->
        <test-method status="PASS" signature="TC_IR_TAT()[pri:0, instance:com.HC.testCases.TC_IR_TAT@13deb50e]" name="TC_IR_TAT" duration-ms="50730" started-at="2022-06-24T08:07:10Z" finished-at="2022-06-24T08:08:01Z">
          <reporter-output>
          </reporter-output>
        </test-method> <!-- TC_IR_TAT -->
        <test-method status="PASS" signature="tearDownMethod(org.testng.ITestResult)[pri:0, instance:com.HC.testCases.TC_IR_TAT@13deb50e]" name="tearDownMethod" is-config="true" duration-ms="825" started-at="2022-06-24T08:08:01Z" finished-at="2022-06-24T08:08:02Z">
          <params>
            <param index="0">
              <value>
                <![CDATA[[TestResult name=TC_IR_TAT status=SUCCESS method=TC_IR_TAT.TC_IR_TAT()[pri:0, instance:com.HC.testCases.TC_IR_TAT@13deb50e] output={null}]]]>
              </value>
            </param>
          </params>
          <reporter-output>
          </reporter-output>
        </test-method> <!-- tearDownMethod -->
        <test-method status="PASS" signature="tearDownTest()[pri:0, instance:com.HC.testCases.TC_IR_TAT@13deb50e]" name="tearDownTest" is-config="true" duration-ms="338" started-at="2022-06-24T08:09:04Z" finished-at="2022-06-24T08:09:04Z">
          <reporter-output>
          </reporter-output>
        </test-method> <!-- tearDownTest -->
      </class> <!-- com.HC.testCases.TC_IR_TAT -->
      <class name="com.HC.testCases.TC_IRAcknowledge">
        <test-method status="PASS" signature="setup(java.lang.String)[pri:0, instance:com.HC.testCases.TC_IRAcknowledge@239963d8]" name="setup" is-config="true" duration-ms="4264" started-at="2022-06-24T08:08:02Z" finished-at="2022-06-24T08:08:06Z">
          <params>
            <param index="0">
              <value>
                <![CDATA[chrome]]>
              </value>
            </param>
          </params>
          <reporter-output>
          </reporter-output>
        </test-method> <!-- setup -->
        <test-method status="PASS" signature="TC_IRAcknowledge()[pri:0, instance:com.HC.testCases.TC_IRAcknowledge@239963d8]" name="TC_IRAcknowledge" duration-ms="57120" started-at="2022-06-24T08:08:06Z" finished-at="2022-06-24T08:09:03Z">
          <reporter-output>
          </reporter-output>
        </test-method> <!-- TC_IRAcknowledge -->
        <test-method status="PASS" signature="tearDownMethod(org.testng.ITestResult)[pri:0, instance:com.HC.testCases.TC_IRAcknowledge@239963d8]" name="tearDownMethod" is-config="true" duration-ms="868" started-at="2022-06-24T08:09:03Z" finished-at="2022-06-24T08:09:04Z">
          <params>
            <param index="0">
              <value>
                <![CDATA[[TestResult name=TC_IRAcknowledge status=SUCCESS method=TC_IRAcknowledge.TC_IRAcknowledge()[pri:0, instance:com.HC.testCases.TC_IRAcknowledge@239963d8] output={null}]]]>
              </value>
            </param>
          </params>
          <reporter-output>
          </reporter-output>
        </test-method> <!-- tearDownMethod -->
      </class> <!-- com.HC.testCases.TC_IRAcknowledge -->
    </test> <!-- HealthCare Test -->
  </suite> <!-- NapierHealthCareProject -->
</testng-results>
